{"C:\\Users\\PC\\Downloads\\learning stuff\\softtesting\\password_testing\\password.js": {"path":"C:\\Users\\PC\\Downloads\\learning stuff\\softtesting\\password_testing\\password.js","statementMap":{"0":{"start":{"line":1,"column":20},"end":{"line":3,"column":1}},"1":{"start":{"line":2,"column":2},"end":{"line":2,"column":54}},"2":{"start":{"line":5,"column":22},"end":{"line":12,"column":1}},"3":{"start":{"line":11,"column":2},"end":{"line":11,"column":34}},"4":{"start":{"line":14,"column":19},"end":{"line":16,"column":1}},"5":{"start":{"line":15,"column":2},"end":{"line":15,"column":31}},"6":{"start":{"line":18,"column":20},"end":{"line":24,"column":1}},"7":{"start":{"line":19,"column":17},"end":{"line":19,"column":49}},"8":{"start":{"line":20,"column":2},"end":{"line":22,"column":3}},"9":{"start":{"line":21,"column":4},"end":{"line":21,"column":54}},"10":{"start":{"line":21,"column":43},"end":{"line":21,"column":54}},"11":{"start":{"line":23,"column":2},"end":{"line":23,"column":14}},"12":{"start":{"line":26,"column":22},"end":{"line":31,"column":1}},"13":{"start":{"line":27,"column":2},"end":{"line":30,"column":23}},"14":{"start":{"line":33,"column":0},"end":{"line":39,"column":1}}},"fnMap":{"0":{"name":"(anonymous_0)","decl":{"start":{"line":1,"column":20},"end":{"line":1,"column":21}},"loc":{"start":{"line":1,"column":34},"end":{"line":3,"column":1}},"line":1},"1":{"name":"(anonymous_1)","decl":{"start":{"line":5,"column":22},"end":{"line":5,"column":23}},"loc":{"start":{"line":5,"column":36},"end":{"line":12,"column":1}},"line":5},"2":{"name":"(anonymous_2)","decl":{"start":{"line":14,"column":19},"end":{"line":14,"column":20}},"loc":{"start":{"line":14,"column":33},"end":{"line":16,"column":1}},"line":14},"3":{"name":"(anonymous_3)","decl":{"start":{"line":18,"column":20},"end":{"line":18,"column":21}},"loc":{"start":{"line":18,"column":34},"end":{"line":24,"column":1}},"line":18},"4":{"name":"(anonymous_4)","decl":{"start":{"line":26,"column":22},"end":{"line":26,"column":23}},"loc":{"start":{"line":26,"column":36},"end":{"line":31,"column":1}},"line":26}},"branchMap":{"0":{"loc":{"start":{"line":2,"column":9},"end":{"line":2,"column":54}},"type":"binary-expr","locations":[{"start":{"line":2,"column":9},"end":{"line":2,"column":29}},{"start":{"line":2,"column":33},"end":{"line":2,"column":54}}],"line":2},"1":{"loc":{"start":{"line":21,"column":4},"end":{"line":21,"column":54}},"type":"if","locations":[{"start":{"line":21,"column":4},"end":{"line":21,"column":54}},{"start":{},"end":{}}],"line":21},"2":{"loc":{"start":{"line":27,"column":9},"end":{"line":30,"column":23}},"type":"binary-expr","locations":[{"start":{"line":27,"column":9},"end":{"line":27,"column":30}},{"start":{"line":28,"column":2},"end":{"line":28,"column":25}},{"start":{"line":29,"column":2},"end":{"line":29,"column":22}},{"start":{"line":30,"column":2},"end":{"line":30,"column":23}}],"line":27}},"s":{"0":1,"1":6,"2":1,"3":5,"4":1,"5":4,"6":1,"7":3,"8":3,"9":17,"10":2,"11":1,"12":1,"13":2,"14":1},"f":{"0":6,"1":5,"2":4,"3":3,"4":2},"b":{"0":[6,5],"1":[2,15],"2":[2,2,2,1]},"_coverageSchema":"1a1c01bbd47fc00a2c39e90264f33305004495a9","hash":"34413f7518fce7c33cc287f9ab302e73f20f7d62"}
}
